<?xml version="1.0" encoding="UTF-8"?>
<!-- Generated by org.testng.reporters.JUnitReportReporter -->
<testsuite skipped="0" hostname="DELL-PC" name="com.dyt.ors.smokecases.Smoketestcase" tests="1" failures="0" timestamp="2020-07-02T17:32:18 IST" time="72.312" errors="0">
  <testcase name="TC001_addMainCategory" time="72.312" classname="com.dyt.ors.smokecases.Smoketestcase"/>
  <system-out/>
</testsuite> <!-- com.dyt.ors.smokecases.Smoketestcase -->
