<?xml version="1.0" encoding="UTF-8"?>
<!-- Generated by org.testng.reporters.JUnitReportReporter -->
<testsuite skipped="0" hostname="DELL-PC" name="com.dyt.ors.regression.AddProductsWithAllFieds" tests="1" failures="0" timestamp="2020-07-10T12:28:39 IST" time="92.239" errors="0">
  <testcase name="TC014_addProductswithoutMaindatoryFields" time="92.239" classname="com.dyt.ors.regression.AddProductsWithAllFieds"/>
  <system-out/>
</testsuite> <!-- com.dyt.ors.regression.AddProductsWithAllFieds -->
